2020-10-06 03:18:43.829  INFO 84645 --- [main] o.ming.quartzdemo.QuartzDemoApplication  : Starting QuartzDemoApplication on Hsiehs-MacBook-Pro.local with PID 84645 (/Users/hsiehming/Workspace/Study/quartzdemo/out/production/classes started by hsiehming in /Users/hsiehming/Workspace/Study/quartzdemo)
2020-10-06 03:18:44.115 DEBUG 84645 --- [main] o.ming.quartzdemo.QuartzDemoApplication  : Running with Spring Boot v2.3.4.RELEASE, Spring v5.2.9.RELEASE
2020-10-06 03:18:44.115  INFO 84645 --- [main] o.ming.quartzdemo.QuartzDemoApplication  : No active profile set, falling back to default profiles: default
2020-10-06 03:18:47.198  INFO 84645 --- [main] .s.d.r.c.RepositoryConfigurationDelegate : Bootstrapping Spring Data JPA repositories in DEFERRED mode.
2020-10-06 03:18:47.303  INFO 84645 --- [main] .s.d.r.c.RepositoryConfigurationDelegate : Finished Spring Data repository scanning in 89ms. Found 0 JPA repository interfaces.
2020-10-06 03:18:48.938  INFO 84645 --- [main] o.s.b.w.embedded.tomcat.TomcatWebServer  : Tomcat initialized with port(s): 8080 (http)
2020-10-06 03:18:48.947  INFO 84645 --- [main] o.apache.catalina.core.StandardService   : Starting service [Tomcat]
2020-10-06 03:18:48.947  INFO 84645 --- [main] org.apache.catalina.core.StandardEngine  : Starting Servlet engine: [Apache Tomcat/9.0.38]
2020-10-06 03:18:49.110  INFO 84645 --- [main] o.a.c.c.C.[Tomcat].[localhost].[/]       : Initializing Spring embedded WebApplicationContext
2020-10-06 03:18:49.111  INFO 84645 --- [main] w.s.c.ServletWebServerApplicationContext : Root WebApplicationContext: initialization completed in 4925 ms
2020-10-06 03:18:49.282  INFO 84645 --- [main] com.zaxxer.hikari.HikariDataSource       : HikariPool-1 - Starting...
2020-10-06 03:18:49.572  INFO 84645 --- [main] com.zaxxer.hikari.HikariDataSource       : HikariPool-1 - Start completed.
2020-10-06 03:18:50.013  INFO 84645 --- [main] liquibase.lockservice                    : Successfully acquired change log lock
2020-10-06 03:18:50.065  INFO 84645 --- [main] liquibase.changelog                      : Creating database history table with name: quartz.DATABASECHANGELOG
2020-10-06 03:18:50.101  INFO 84645 --- [main] liquibase.changelog                      : Reading from quartz.DATABASECHANGELOG
2020-10-06 03:18:50.493  INFO 84645 --- [main] liquibase.changelog                      : Custom SQL executed
2020-10-06 03:18:50.495  INFO 84645 --- [main] liquibase.changelog                      : ChangeSet db/changelog/changes/quartz.sql::quartz::robin ran successfully in 368ms
2020-10-06 03:18:50.543  INFO 84645 --- [main] liquibase.lockservice                    : Successfully released change log lock
2020-10-06 03:18:50.642  INFO 84645 --- [main] o.s.s.concurrent.ThreadPoolTaskExecutor  : Initializing ExecutorService 'applicationTaskExecutor'
2020-10-06 03:18:50.689  INFO 84645 --- [task-1] o.hibernate.jpa.internal.util.LogHelper  : HHH000204: Processing PersistenceUnitInfo [name: default]
2020-10-06 03:18:50.751  INFO 84645 --- [task-1] org.hibernate.Version                    : HHH000412: Hibernate ORM core version 5.4.21.Final
2020-10-06 03:18:50.765  INFO 84645 --- [main] org.quartz.impl.StdSchedulerFactory      : Using default implementation for ThreadExecutor
2020-10-06 03:18:50.769  INFO 84645 --- [main] org.quartz.simpl.SimpleThreadPool        : Job execution threads will use class loader of thread: main
2020-10-06 03:18:50.779  INFO 84645 --- [main] org.quartz.core.SchedulerSignalerImpl    : Initialized Scheduler Signaller of type: class org.quartz.core.SchedulerSignalerImpl
2020-10-06 03:18:50.780  INFO 84645 --- [main] org.quartz.core.QuartzScheduler          : Quartz Scheduler v.2.3.2 created.
2020-10-06 03:18:50.785  INFO 84645 --- [main] o.s.s.quartz.LocalDataSourceJobStore     : Using db table-based data access locking (synchronization).
2020-10-06 03:18:50.787  INFO 84645 --- [main] o.s.s.quartz.LocalDataSourceJobStore     : JobStoreCMT initialized.
2020-10-06 03:18:50.789  INFO 84645 --- [main] org.quartz.core.QuartzScheduler          : Scheduler meta-data: Quartz Scheduler (v2.3.2) 'clusteredScheduler' with instanceId 'Hsiehs-MacBook-Pro.local1601925530768'
  Scheduler class: 'org.quartz.core.QuartzScheduler' - running locally.
  NOT STARTED.
  Currently in standby mode.
  Number of jobs executed: 0
  Using thread pool 'org.quartz.simpl.SimpleThreadPool' - with 10 threads.
  Using job-store 'org.springframework.scheduling.quartz.LocalDataSourceJobStore' - which supports persistence. and is clustered.

2020-10-06 03:18:50.789  INFO 84645 --- [main] org.quartz.impl.StdSchedulerFactory      : Quartz scheduler 'clusteredScheduler' initialized from an externally provided properties instance.
2020-10-06 03:18:50.789  INFO 84645 --- [main] org.quartz.impl.StdSchedulerFactory      : Quartz scheduler version: 2.3.2
2020-10-06 03:18:50.789  INFO 84645 --- [main] org.quartz.core.QuartzScheduler          : JobFactory set to: org.springframework.scheduling.quartz.SpringBeanJobFactory@79195c22
2020-10-06 03:18:50.902  INFO 84645 --- [task-1] o.hibernate.annotations.common.Version   : HCANN000001: Hibernate Commons Annotations {5.1.0.Final}
2020-10-06 03:18:51.032  INFO 84645 --- [task-1] org.hibernate.dialect.Dialect            : HHH000400: Using dialect: org.hibernate.dialect.MySQL5InnoDBDialect
2020-10-06 03:18:51.170  INFO 84645 --- [task-1] o.h.e.t.j.p.i.JtaPlatformInitiator       : HHH000490: Using JtaPlatform implementation: [org.hibernate.engine.transaction.jta.platform.internal.NoJtaPlatform]
2020-10-06 03:18:51.176  INFO 84645 --- [task-1] j.LocalContainerEntityManagerFactoryBean : Initialized JPA EntityManagerFactory for persistence unit 'default'
2020-10-06 03:18:51.264  WARN 84645 --- [main] JpaBaseConfiguration$JpaWebConfiguration : spring.jpa.open-in-view is enabled by default. Therefore, database queries may be performed during view rendering. Explicitly configure spring.jpa.open-in-view to disable this warning
2020-10-06 03:18:51.678  INFO 84645 --- [main] o.s.b.w.embedded.tomcat.TomcatWebServer  : Tomcat started on port(s): 8080 (http) with context path ''
2020-10-06 03:18:51.681  INFO 84645 --- [main] o.s.s.quartz.SchedulerFactoryBean        : Starting Quartz Scheduler now
2020-10-06 03:18:51.722  INFO 84645 --- [main] org.quartz.core.QuartzScheduler          : Scheduler clusteredScheduler_$_Hsiehs-MacBook-Pro.local1601925530768 started.
2020-10-06 03:18:51.732  INFO 84645 --- [main] DeferredRepositoryInitializationListener : Triggering deferred initialization of Spring Data repositories…
2020-10-06 03:18:51.736  INFO 84645 --- [main] DeferredRepositoryInitializationListener : Spring Data repositories initialized!
2020-10-06 03:18:51.751  INFO 84645 --- [main] o.ming.quartzdemo.QuartzDemoApplication  : Started QuartzDemoApplication in 10.456 seconds (JVM running for 13.331)
2020-10-06 03:19:21.430  INFO 84645 --- [http-nio-8080-exec-1] o.a.c.c.C.[Tomcat].[localhost].[/]       : Initializing Spring DispatcherServlet 'dispatcherServlet'
2020-10-06 03:19:21.430  INFO 84645 --- [http-nio-8080-exec-1] o.s.web.servlet.DispatcherServlet        : Initializing Servlet 'dispatcherServlet'
2020-10-06 03:19:21.439  INFO 84645 --- [http-nio-8080-exec-1] o.s.web.servlet.DispatcherServlet        : Completed initialization in 8 ms
2020-10-06 03:19:21.478  WARN 84645 --- [http-nio-8080-exec-1] .w.s.m.s.DefaultHandlerExceptionResolver : Resolved [org.springframework.web.bind.MissingServletRequestParameterException: Required String parameter 'id' is not present]
2020-10-06 03:19:47.812  WARN 84645 --- [http-nio-8080-exec-2] .w.s.m.s.DefaultHandlerExceptionResolver : Resolved [org.springframework.web.bind.MissingServletRequestParameterException: Required String parameter 'id' is not present]
2020-10-06 03:21:06.935 DEBUG 84645 --- [http-nio-8080-exec-3] o.m.q.scheduler.ScheduleManager          : Schedule Job : jobId=DSN1
2020-10-06 03:21:12.067 DEBUG 84645 --- [clusteredScheduler_Worker-1] org.ming.quartzdemo.scheduler.UniqueJob  : Execution Job : instanceId=Hsiehs-MacBook-Pro.local16019255307681601925530746,key=state-machine-job-group.DSN1
2020-10-06 03:21:12.068 DEBUG 84645 --- [clusteredScheduler_Worker-1] org.ming.quartzdemo.scheduler.UniqueJob  : Yes, job success!!
2020-10-06 03:21:16.649 DEBUG 84645 --- [http-nio-8080-exec-4] o.m.q.scheduler.ScheduleManager          : Schedule Job : jobId=DSN1
2020-10-06 03:21:17.901  INFO 84645 --- [http-nio-8080-exec-5] o.m.quartzdemo.controller.JobController  : Job is under execution, please wait, id=DSN1
2020-10-06 03:21:21.749 DEBUG 84645 --- [clusteredScheduler_Worker-2] org.ming.quartzdemo.scheduler.UniqueJob  : Execution Job : instanceId=Hsiehs-MacBook-Pro.local16019255307681601925530747,key=state-machine-job-group.DSN1
2020-10-06 03:21:21.751 DEBUG 84645 --- [clusteredScheduler_Worker-2] org.ming.quartzdemo.scheduler.UniqueJob  : Yes, job success!!
2020-10-06 03:21:28.357 DEBUG 84645 --- [http-nio-8080-exec-6] o.m.q.scheduler.ScheduleManager          : Schedule Job : jobId=DSN1
2020-10-06 03:21:30.012 DEBUG 84645 --- [http-nio-8080-exec-7] o.m.q.scheduler.ScheduleManager          : Schedule Job : jobId=DSN2
2020-10-06 03:21:31.412 DEBUG 84645 --- [http-nio-8080-exec-8] o.m.q.scheduler.ScheduleManager          : Schedule Job : jobId=DSN3
2020-10-06 03:21:33.448 DEBUG 84645 --- [clusteredScheduler_Worker-3] org.ming.quartzdemo.scheduler.UniqueJob  : Execution Job : instanceId=Hsiehs-MacBook-Pro.local16019255307681601925530748,key=state-machine-job-group.DSN1
2020-10-06 03:21:33.448 DEBUG 84645 --- [clusteredScheduler_Worker-3] org.ming.quartzdemo.scheduler.UniqueJob  : Yes, job success!!
2020-10-06 03:21:35.080 DEBUG 84645 --- [clusteredScheduler_Worker-4] org.ming.quartzdemo.scheduler.UniqueJob  : Execution Job : instanceId=Hsiehs-MacBook-Pro.local16019255307681601925530749,key=state-machine-job-group.DSN2
2020-10-06 03:21:35.080 DEBUG 84645 --- [clusteredScheduler_Worker-4] org.ming.quartzdemo.scheduler.UniqueJob  : Yes, job success!!
2020-10-06 03:21:36.496 DEBUG 84645 --- [clusteredScheduler_Worker-5] org.ming.quartzdemo.scheduler.UniqueJob  : Execution Job : instanceId=Hsiehs-MacBook-Pro.local16019255307681601925530750,key=state-machine-job-group.DSN3
2020-10-06 03:21:36.497 DEBUG 84645 --- [clusteredScheduler_Worker-5] org.ming.quartzdemo.scheduler.UniqueJob  : Yes, job success!!
2020-10-06 03:22:06.884  INFO 84645 --- [SpringContextShutdownHook] org.quartz.core.QuartzScheduler          : Scheduler clusteredScheduler_$_Hsiehs-MacBook-Pro.local1601925530768 paused.
2020-10-06 03:22:06.953  INFO 84645 --- [SpringContextShutdownHook] o.s.s.quartz.SchedulerFactoryBean        : Shutting down Quartz Scheduler
2020-10-06 03:22:06.954  INFO 84645 --- [SpringContextShutdownHook] org.quartz.core.QuartzScheduler          : Scheduler clusteredScheduler_$_Hsiehs-MacBook-Pro.local1601925530768 shutting down.
2020-10-06 03:22:06.954  INFO 84645 --- [SpringContextShutdownHook] org.quartz.core.QuartzScheduler          : Scheduler clusteredScheduler_$_Hsiehs-MacBook-Pro.local1601925530768 paused.
2020-10-06 03:22:06.955  INFO 84645 --- [SpringContextShutdownHook] org.quartz.core.QuartzScheduler          : Scheduler clusteredScheduler_$_Hsiehs-MacBook-Pro.local1601925530768 shutdown complete.
2020-10-06 03:22:06.956  INFO 84645 --- [SpringContextShutdownHook] j.LocalContainerEntityManagerFactoryBean : Closing JPA EntityManagerFactory for persistence unit 'default'
2020-10-06 03:22:06.959  INFO 84645 --- [SpringContextShutdownHook] o.s.s.concurrent.ThreadPoolTaskExecutor  : Shutting down ExecutorService 'applicationTaskExecutor'
2020-10-06 03:22:06.960  INFO 84645 --- [SpringContextShutdownHook] com.zaxxer.hikari.HikariDataSource       : HikariPool-1 - Shutdown initiated...
2020-10-06 03:22:06.968  INFO 84645 --- [SpringContextShutdownHook] com.zaxxer.hikari.HikariDataSource       : HikariPool-1 - Shutdown completed.
2020-10-06 03:22:19.288  INFO 85720 --- [main] o.ming.quartzdemo.QuartzDemoApplication  : Starting QuartzDemoApplication on Hsiehs-MacBook-Pro.local with PID 85720 (/Users/hsiehming/Workspace/Study/quartzdemo/out/production/classes started by hsiehming in /Users/hsiehming/Workspace/Study/quartzdemo)
2020-10-06 03:22:19.291 DEBUG 85720 --- [main] o.ming.quartzdemo.QuartzDemoApplication  : Running with Spring Boot v2.3.4.RELEASE, Spring v5.2.9.RELEASE
2020-10-06 03:22:19.292  INFO 85720 --- [main] o.ming.quartzdemo.QuartzDemoApplication  : No active profile set, falling back to default profiles: default
2020-10-06 03:22:20.591  INFO 85720 --- [main] .s.d.r.c.RepositoryConfigurationDelegate : Bootstrapping Spring Data JPA repositories in DEFERRED mode.
2020-10-06 03:22:20.612  INFO 85720 --- [main] .s.d.r.c.RepositoryConfigurationDelegate : Finished Spring Data repository scanning in 10ms. Found 0 JPA repository interfaces.
2020-10-06 03:22:21.163  INFO 85720 --- [main] o.s.b.w.embedded.tomcat.TomcatWebServer  : Tomcat initialized with port(s): 8080 (http)
2020-10-06 03:22:21.176  INFO 85720 --- [main] o.apache.catalina.core.StandardService   : Starting service [Tomcat]
2020-10-06 03:22:21.177  INFO 85720 --- [main] org.apache.catalina.core.StandardEngine  : Starting Servlet engine: [Apache Tomcat/9.0.38]
2020-10-06 03:22:21.321  INFO 85720 --- [main] o.a.c.c.C.[Tomcat].[localhost].[/]       : Initializing Spring embedded WebApplicationContext
2020-10-06 03:22:21.323  INFO 85720 --- [main] w.s.c.ServletWebServerApplicationContext : Root WebApplicationContext: initialization completed in 1877 ms
2020-10-06 03:22:21.525  INFO 85720 --- [main] com.zaxxer.hikari.HikariDataSource       : HikariPool-1 - Starting...
2020-10-06 03:22:21.829  INFO 85720 --- [main] com.zaxxer.hikari.HikariDataSource       : HikariPool-1 - Start completed.
2020-10-06 03:22:22.418  INFO 85720 --- [main] liquibase.lockservice                    : Successfully acquired change log lock
2020-10-06 03:22:22.651  INFO 85720 --- [main] liquibase.changelog                      : Reading from quartz.DATABASECHANGELOG
2020-10-06 03:22:22.691  INFO 85720 --- [main] liquibase.lockservice                    : Successfully released change log lock
2020-10-06 03:22:22.776  INFO 85720 --- [main] o.s.s.concurrent.ThreadPoolTaskExecutor  : Initializing ExecutorService 'applicationTaskExecutor'
2020-10-06 03:22:22.835  INFO 85720 --- [task-1] o.hibernate.jpa.internal.util.LogHelper  : HHH000204: Processing PersistenceUnitInfo [name: default]
2020-10-06 03:22:22.895  INFO 85720 --- [main] org.quartz.impl.StdSchedulerFactory      : Using default implementation for ThreadExecutor
2020-10-06 03:22:22.903  INFO 85720 --- [main] org.quartz.simpl.SimpleThreadPool        : Job execution threads will use class loader of thread: main
2020-10-06 03:22:22.908  INFO 85720 --- [task-1] org.hibernate.Version                    : HHH000412: Hibernate ORM core version 5.4.21.Final
2020-10-06 03:22:22.919  INFO 85720 --- [main] org.quartz.core.SchedulerSignalerImpl    : Initialized Scheduler Signaller of type: class org.quartz.core.SchedulerSignalerImpl
2020-10-06 03:22:22.920  INFO 85720 --- [main] org.quartz.core.QuartzScheduler          : Quartz Scheduler v.2.3.2 created.
2020-10-06 03:22:22.924  INFO 85720 --- [main] o.s.s.quartz.LocalDataSourceJobStore     : Using db table-based data access locking (synchronization).
2020-10-06 03:22:22.926  INFO 85720 --- [main] o.s.s.quartz.LocalDataSourceJobStore     : JobStoreCMT initialized.
2020-10-06 03:22:22.927  INFO 85720 --- [main] org.quartz.core.QuartzScheduler          : Scheduler meta-data: Quartz Scheduler (v2.3.2) 'clusteredScheduler' with instanceId 'Hsiehs-MacBook-Pro.local1601925742903'
  Scheduler class: 'org.quartz.core.QuartzScheduler' - running locally.
  NOT STARTED.
  Currently in standby mode.
  Number of jobs executed: 0
  Using thread pool 'org.quartz.simpl.SimpleThreadPool' - with 10 threads.
  Using job-store 'org.springframework.scheduling.quartz.LocalDataSourceJobStore' - which supports persistence. and is clustered.

2020-10-06 03:22:22.928  INFO 85720 --- [main] org.quartz.impl.StdSchedulerFactory      : Quartz scheduler 'clusteredScheduler' initialized from an externally provided properties instance.
2020-10-06 03:22:22.928  INFO 85720 --- [main] org.quartz.impl.StdSchedulerFactory      : Quartz scheduler version: 2.3.2
2020-10-06 03:22:22.928  INFO 85720 --- [main] org.quartz.core.QuartzScheduler          : JobFactory set to: org.springframework.scheduling.quartz.SpringBeanJobFactory@377dfb8d
2020-10-06 03:22:23.047  INFO 85720 --- [task-1] o.hibernate.annotations.common.Version   : HCANN000001: Hibernate Commons Annotations {5.1.0.Final}
2020-10-06 03:22:23.163  INFO 85720 --- [task-1] org.hibernate.dialect.Dialect            : HHH000400: Using dialect: org.hibernate.dialect.MySQL5InnoDBDialect
2020-10-06 03:22:23.328  INFO 85720 --- [task-1] o.h.e.t.j.p.i.JtaPlatformInitiator       : HHH000490: Using JtaPlatform implementation: [org.hibernate.engine.transaction.jta.platform.internal.NoJtaPlatform]
2020-10-06 03:22:23.338  INFO 85720 --- [task-1] j.LocalContainerEntityManagerFactoryBean : Initialized JPA EntityManagerFactory for persistence unit 'default'
2020-10-06 03:22:23.443  WARN 85720 --- [main] JpaBaseConfiguration$JpaWebConfiguration : spring.jpa.open-in-view is enabled by default. Therefore, database queries may be performed during view rendering. Explicitly configure spring.jpa.open-in-view to disable this warning
2020-10-06 03:22:23.722  INFO 85720 --- [main] o.s.b.w.embedded.tomcat.TomcatWebServer  : Tomcat started on port(s): 8080 (http) with context path ''
2020-10-06 03:22:23.724  INFO 85720 --- [main] o.s.s.quartz.SchedulerFactoryBean        : Starting Quartz Scheduler now
2020-10-06 03:22:23.752  INFO 85720 --- [main] o.s.s.quartz.LocalDataSourceJobStore     : ClusterManager: detected 1 failed or restarted instances.
2020-10-06 03:22:23.752  INFO 85720 --- [main] o.s.s.quartz.LocalDataSourceJobStore     : ClusterManager: Scanning for instance "Hsiehs-MacBook-Pro.local1601925530768"'s failed in-progress jobs.
2020-10-06 03:22:23.766  INFO 85720 --- [main] org.quartz.core.QuartzScheduler          : Scheduler clusteredScheduler_$_Hsiehs-MacBook-Pro.local1601925742903 started.
2020-10-06 03:22:23.768  INFO 85720 --- [main] DeferredRepositoryInitializationListener : Triggering deferred initialization of Spring Data repositories…
2020-10-06 03:22:23.769  INFO 85720 --- [main] DeferredRepositoryInitializationListener : Spring Data repositories initialized!
2020-10-06 03:22:23.784  INFO 85720 --- [main] o.ming.quartzdemo.QuartzDemoApplication  : Started QuartzDemoApplication in 5.534 seconds (JVM running for 7.347)
2020-10-06 03:22:30.058  INFO 85720 --- [http-nio-8080-exec-1] o.a.c.c.C.[Tomcat].[localhost].[/]       : Initializing Spring DispatcherServlet 'dispatcherServlet'
2020-10-06 03:22:30.058  INFO 85720 --- [http-nio-8080-exec-1] o.s.web.servlet.DispatcherServlet        : Initializing Servlet 'dispatcherServlet'
2020-10-06 03:22:30.069  INFO 85720 --- [http-nio-8080-exec-1] o.s.web.servlet.DispatcherServlet        : Completed initialization in 11 ms
2020-10-06 03:22:30.154 DEBUG 85720 --- [http-nio-8080-exec-1] o.m.q.scheduler.ScheduleManager          : Schedule Job : jobId=DSN3
2020-10-06 03:22:31.800 DEBUG 85720 --- [http-nio-8080-exec-2] o.m.q.scheduler.ScheduleManager          : Schedule Job : jobId=DSN2
2020-10-06 03:22:33.267 DEBUG 85720 --- [http-nio-8080-exec-3] o.m.q.scheduler.ScheduleManager          : Schedule Job : jobId=DSN1
2020-10-06 03:22:35.363 DEBUG 85720 --- [clusteredScheduler_Worker-1] org.ming.quartzdemo.scheduler.UniqueJob  : Execution Job : instanceId=Hsiehs-MacBook-Pro.local16019257429031601925742882,key=state-machine-job-group.DSN3
2020-10-06 03:22:35.364 DEBUG 85720 --- [clusteredScheduler_Worker-1] org.ming.quartzdemo.scheduler.UniqueJob  : Yes, job success!!
2020-10-06 03:22:36.898 DEBUG 85720 --- [clusteredScheduler_Worker-2] org.ming.quartzdemo.scheduler.UniqueJob  : Execution Job : instanceId=Hsiehs-MacBook-Pro.local16019257429031601925742883,key=state-machine-job-group.DSN2
2020-10-06 03:22:36.904  INFO 85720 --- [clusteredScheduler_Worker-2] org.quartz.core.JobRunShell              : Job state-machine-job-group.DSN2 threw a JobExecutionException: 

org.quartz.JobExecutionException: Job failed....
	at org.ming.quartzdemo.scheduler.UniqueJob.execute(UniqueJob.java:35) ~[classes/:na]
	at org.quartz.core.JobRunShell.run(JobRunShell.java:202) ~[quartz-2.3.2.jar:na]
	at org.quartz.simpl.SimpleThreadPool$WorkerThread.run(SimpleThreadPool.java:573) ~[quartz-2.3.2.jar:na]

2020-10-06 03:22:36.905 DEBUG 85720 --- [clusteredScheduler_Worker-2] o.m.q.scheduler.RetryJobListener         : job failed, call reschedule: jobId=DSN2
2020-10-06 03:22:36.964 DEBUG 85720 --- [clusteredScheduler_Worker-2] o.m.q.scheduler.ScheduleManager          : Reschedule Job : jobId=DSN2, delay=5000, retry=1
2020-10-06 03:22:38.359 DEBUG 85720 --- [clusteredScheduler_Worker-3] org.ming.quartzdemo.scheduler.UniqueJob  : Execution Job : instanceId=Hsiehs-MacBook-Pro.local16019257429031601925742884,key=state-machine-job-group.DSN1
2020-10-06 03:22:38.359 DEBUG 85720 --- [clusteredScheduler_Worker-3] org.ming.quartzdemo.scheduler.UniqueJob  : Yes, job success!!
2020-10-06 03:22:46.953 DEBUG 85720 --- [clusteredScheduler_Worker-4] org.ming.quartzdemo.scheduler.UniqueJob  : Execution Job : instanceId=Hsiehs-MacBook-Pro.local16019257429031601925742885,key=state-machine-job-group.DSN2
2020-10-06 03:22:46.953 DEBUG 85720 --- [clusteredScheduler_Worker-4] org.ming.quartzdemo.scheduler.UniqueJob  : Yes, job success!!
2020-10-06 03:23:59.664 DEBUG 85720 --- [http-nio-8080-exec-4] o.m.q.scheduler.ScheduleManager          : Schedule Job : jobId=DSN1
2020-10-06 03:24:01.013 DEBUG 85720 --- [http-nio-8080-exec-5] o.m.q.scheduler.ScheduleManager          : Schedule Job : jobId=DSN2
2020-10-06 03:24:02.347 DEBUG 85720 --- [http-nio-8080-exec-6] o.m.q.scheduler.ScheduleManager          : Schedule Job : jobId=DSN3
2020-10-06 03:24:04.754 DEBUG 85720 --- [clusteredScheduler_Worker-5] org.ming.quartzdemo.scheduler.UniqueJob  : Execution Job : instanceId=Hsiehs-MacBook-Pro.local16019257429031601925742886,key=state-machine-job-group.DSN1
2020-10-06 03:24:04.755  INFO 85720 --- [clusteredScheduler_Worker-5] org.quartz.core.JobRunShell              : Job state-machine-job-group.DSN1 threw a JobExecutionException: 

org.quartz.JobExecutionException: Job failed....
	at org.ming.quartzdemo.scheduler.UniqueJob.execute(UniqueJob.java:35) ~[classes/:na]
	at org.quartz.core.JobRunShell.run(JobRunShell.java:202) ~[quartz-2.3.2.jar:na]
	at org.quartz.simpl.SimpleThreadPool$WorkerThread.run(SimpleThreadPool.java:573) ~[quartz-2.3.2.jar:na]

2020-10-06 03:24:04.755 DEBUG 85720 --- [clusteredScheduler_Worker-5] o.m.q.scheduler.RetryJobListener         : job failed, call reschedule: jobId=DSN1
2020-10-06 03:24:04.791 DEBUG 85720 --- [clusteredScheduler_Worker-5] o.m.q.scheduler.ScheduleManager          : Reschedule Job : jobId=DSN1, delay=5000, retry=1
2020-10-06 03:24:06.128 DEBUG 85720 --- [clusteredScheduler_Worker-6] org.ming.quartzdemo.scheduler.UniqueJob  : Execution Job : instanceId=Hsiehs-MacBook-Pro.local16019257429031601925742887,key=state-machine-job-group.DSN2
2020-10-06 03:24:06.129 DEBUG 85720 --- [clusteredScheduler_Worker-6] org.ming.quartzdemo.scheduler.UniqueJob  : Yes, job success!!
2020-10-06 03:24:07.450 DEBUG 85720 --- [clusteredScheduler_Worker-7] org.ming.quartzdemo.scheduler.UniqueJob  : Execution Job : instanceId=Hsiehs-MacBook-Pro.local16019257429031601925742888,key=state-machine-job-group.DSN3
2020-10-06 03:24:07.450  INFO 85720 --- [clusteredScheduler_Worker-7] org.quartz.core.JobRunShell              : Job state-machine-job-group.DSN3 threw a JobExecutionException: 

org.quartz.JobExecutionException: Job failed....
	at org.ming.quartzdemo.scheduler.UniqueJob.execute(UniqueJob.java:35) ~[classes/:na]
	at org.quartz.core.JobRunShell.run(JobRunShell.java:202) ~[quartz-2.3.2.jar:na]
	at org.quartz.simpl.SimpleThreadPool$WorkerThread.run(SimpleThreadPool.java:573) ~[quartz-2.3.2.jar:na]

2020-10-06 03:24:07.451 DEBUG 85720 --- [clusteredScheduler_Worker-7] o.m.q.scheduler.RetryJobListener         : job failed, call reschedule: jobId=DSN3
2020-10-06 03:24:07.527 DEBUG 85720 --- [clusteredScheduler_Worker-7] o.m.q.scheduler.ScheduleManager          : Reschedule Job : jobId=DSN3, delay=5000, retry=1
2020-10-06 03:24:14.793 DEBUG 85720 --- [clusteredScheduler_Worker-8] org.ming.quartzdemo.scheduler.UniqueJob  : Execution Job : instanceId=Hsiehs-MacBook-Pro.local16019257429031601925742889,key=state-machine-job-group.DSN1
2020-10-06 03:24:14.794  INFO 85720 --- [clusteredScheduler_Worker-8] org.quartz.core.JobRunShell              : Job state-machine-job-group.DSN1 threw a JobExecutionException: 

org.quartz.JobExecutionException: Job failed....
	at org.ming.quartzdemo.scheduler.UniqueJob.execute(UniqueJob.java:35) ~[classes/:na]
	at org.quartz.core.JobRunShell.run(JobRunShell.java:202) ~[quartz-2.3.2.jar:na]
	at org.quartz.simpl.SimpleThreadPool$WorkerThread.run(SimpleThreadPool.java:573) ~[quartz-2.3.2.jar:na]

2020-10-06 03:24:14.795 DEBUG 85720 --- [clusteredScheduler_Worker-8] o.m.q.scheduler.RetryJobListener         : job failed, call reschedule: jobId=DSN1
2020-10-06 03:24:14.861 DEBUG 85720 --- [clusteredScheduler_Worker-8] o.m.q.scheduler.ScheduleManager          : Reschedule Job : jobId=DSN1, delay=10000, retry=2
2020-10-06 03:24:17.485 DEBUG 85720 --- [clusteredScheduler_Worker-9] org.ming.quartzdemo.scheduler.UniqueJob  : Execution Job : instanceId=Hsiehs-MacBook-Pro.local16019257429031601925742890,key=state-machine-job-group.DSN3
2020-10-06 03:24:17.485 DEBUG 85720 --- [clusteredScheduler_Worker-9] org.ming.quartzdemo.scheduler.UniqueJob  : Yes, job success!!
2020-10-06 03:24:29.837 DEBUG 85720 --- [clusteredScheduler_Worker-10] org.ming.quartzdemo.scheduler.UniqueJob  : Execution Job : instanceId=Hsiehs-MacBook-Pro.local16019257429031601925742891,key=state-machine-job-group.DSN1
2020-10-06 03:24:29.838  INFO 85720 --- [clusteredScheduler_Worker-10] org.quartz.core.JobRunShell              : Job state-machine-job-group.DSN1 threw a JobExecutionException: 

org.quartz.JobExecutionException: Job failed....
	at org.ming.quartzdemo.scheduler.UniqueJob.execute(UniqueJob.java:35) ~[classes/:na]
	at org.quartz.core.JobRunShell.run(JobRunShell.java:202) ~[quartz-2.3.2.jar:na]
	at org.quartz.simpl.SimpleThreadPool$WorkerThread.run(SimpleThreadPool.java:573) ~[quartz-2.3.2.jar:na]

2020-10-06 03:24:29.838 DEBUG 85720 --- [clusteredScheduler_Worker-10] o.m.q.scheduler.RetryJobListener         : job failed, call reschedule: jobId=DSN1
2020-10-06 03:24:29.889 DEBUG 85720 --- [clusteredScheduler_Worker-10] o.m.q.scheduler.ScheduleManager          : Reschedule Job : jobId=DSN1, delay=15000, retry=3
2020-10-06 03:24:49.894 DEBUG 85720 --- [clusteredScheduler_Worker-1] org.ming.quartzdemo.scheduler.UniqueJob  : Execution Job : instanceId=Hsiehs-MacBook-Pro.local16019257429031601925742892,key=state-machine-job-group.DSN1
2020-10-06 03:24:49.895 DEBUG 85720 --- [clusteredScheduler_Worker-1] org.ming.quartzdemo.scheduler.UniqueJob  : Yes, job success!!
2020-10-06 03:31:48.697  WARN 85720 --- [HikariPool-1 housekeeper] com.zaxxer.hikari.pool.HikariPool        : HikariPool-1 - Thread starvation or clock leap detected (housekeeper delta=2m17s110ms).
2020-10-06 04:08:03.834  WARN 85720 --- [HikariPool-1 housekeeper] com.zaxxer.hikari.pool.HikariPool        : HikariPool-1 - Thread starvation or clock leap detected (housekeeper delta=35m45s113ms).
2020-10-06 04:39:37.006  WARN 85720 --- [HikariPool-1 housekeeper] com.zaxxer.hikari.pool.HikariPool        : HikariPool-1 - Thread starvation or clock leap detected (housekeeper delta=31m3s166ms).
2020-10-06 04:55:34.274  WARN 85720 --- [HikariPool-1 housekeeper] com.zaxxer.hikari.pool.HikariPool        : HikariPool-1 - Thread starvation or clock leap detected (housekeeper delta=15m27s260ms).
2020-10-06 06:06:05.640  WARN 85720 --- [HikariPool-1 housekeeper] com.zaxxer.hikari.pool.HikariPool        : HikariPool-1 - Thread starvation or clock leap detected (housekeeper delta=1h10m31s366ms).
2020-10-06 06:22:02.693  WARN 85720 --- [HikariPool-1 housekeeper] com.zaxxer.hikari.pool.HikariPool        : HikariPool-1 - Thread starvation or clock leap detected (housekeeper delta=15m26s940ms).
2020-10-06 08:22:59.828  WARN 85720 --- [HikariPool-1 housekeeper] com.zaxxer.hikari.pool.HikariPool        : HikariPool-1 - Thread starvation or clock leap detected (housekeeper delta=2h27s129ms).
2020-10-06 08:38:56.821  WARN 85720 --- [HikariPool-1 housekeeper] com.zaxxer.hikari.pool.HikariPool        : HikariPool-1 - Thread starvation or clock leap detected (housekeeper delta=15m26s991ms).
2020-10-06 09:17:46.643  WARN 85720 --- [HikariPool-1 housekeeper] com.zaxxer.hikari.pool.HikariPool        : HikariPool-1 - Thread starvation or clock leap detected (housekeeper delta=38m19s817ms).
2020-10-06 09:30:25.464  WARN 85720 --- [HikariPool-1 housekeeper] com.zaxxer.hikari.pool.HikariPool        : HikariPool-1 - Thread starvation or clock leap detected (housekeeper delta=9m59s809ms).
2020-10-06 10:59:06.176  WARN 85720 --- [HikariPool-1 housekeeper] com.zaxxer.hikari.pool.HikariPool        : HikariPool-1 - Thread starvation or clock leap detected (housekeeper delta=1h40s564ms).
2020-10-06 11:12:36.114  WARN 85720 --- [HikariPool-1 housekeeper] com.zaxxer.hikari.pool.HikariPool        : HikariPool-1 - Thread starvation or clock leap detected (housekeeper delta=11m58s654ms).
2020-10-06 11:19:30.269  INFO 85720 --- [SpringContextShutdownHook] org.quartz.core.QuartzScheduler          : Scheduler clusteredScheduler_$_Hsiehs-MacBook-Pro.local1601925742903 paused.
2020-10-06 11:19:30.402  INFO 85720 --- [SpringContextShutdownHook] o.s.s.quartz.SchedulerFactoryBean        : Shutting down Quartz Scheduler
2020-10-06 11:19:30.402  INFO 85720 --- [SpringContextShutdownHook] org.quartz.core.QuartzScheduler          : Scheduler clusteredScheduler_$_Hsiehs-MacBook-Pro.local1601925742903 shutting down.
2020-10-06 11:19:30.402  INFO 85720 --- [SpringContextShutdownHook] org.quartz.core.QuartzScheduler          : Scheduler clusteredScheduler_$_Hsiehs-MacBook-Pro.local1601925742903 paused.
2020-10-06 11:19:30.403  INFO 85720 --- [SpringContextShutdownHook] org.quartz.core.QuartzScheduler          : Scheduler clusteredScheduler_$_Hsiehs-MacBook-Pro.local1601925742903 shutdown complete.
2020-10-06 11:19:30.403  INFO 85720 --- [SpringContextShutdownHook] j.LocalContainerEntityManagerFactoryBean : Closing JPA EntityManagerFactory for persistence unit 'default'
2020-10-06 11:19:30.409  INFO 85720 --- [SpringContextShutdownHook] o.s.s.concurrent.ThreadPoolTaskExecutor  : Shutting down ExecutorService 'applicationTaskExecutor'
2020-10-06 11:19:30.409  INFO 85720 --- [SpringContextShutdownHook] com.zaxxer.hikari.HikariDataSource       : HikariPool-1 - Shutdown initiated...
2020-10-06 11:19:30.421  INFO 85720 --- [SpringContextShutdownHook] com.zaxxer.hikari.HikariDataSource       : HikariPool-1 - Shutdown completed.
